\BOOKMARK [0][-]{chapter.1}{Preface}{}% 1
\BOOKMARK [0][-]{chapter.2}{Ruby\040on\040Rails\040Install\040How-to}{}% 2
\BOOKMARK [1][-]{section.2.1}{Development\040System}{chapter.2}% 3
\BOOKMARK [1][-]{section.2.2}{After\040the\040Installation?}{chapter.2}% 4
\BOOKMARK [1][-]{section.2.3}{Ruby\040on\040Rails\0404.0\040on\040Debian\0407.1\040\(Wheeze\)}{chapter.2}% 5
\BOOKMARK [2][-]{subsection.2.3.1}{Note}{section.2.3}% 6
\BOOKMARK [2][-]{subsection.2.3.2}{Preparations}{section.2.3}% 7
\BOOKMARK [2][-]{subsection.2.3.3}{Note}{section.2.3}% 8
\BOOKMARK [2][-]{subsection.2.3.4}{Installing\040Ruby\0402.0.0\040and\040Ruby\040on\040Rails\0404.0\040with\040RVM}{section.2.3}% 9
\BOOKMARK [1][-]{section.2.4}{Ruby\040on\040Rails\0404\040on\040Windows}{chapter.2}% 10
\BOOKMARK [1][-]{section.2.5}{Ruby\040on\040Rails\0404\040on\040Mac\040OS\040X\04010.7}{chapter.2}% 11
\BOOKMARK [2][-]{subsection.2.5.1}{Note}{section.2.5}% 12
\BOOKMARK [2][-]{subsection.2.5.2}{Xcode\040Installation\040or\040Upgrade}{section.2.5}% 13
\BOOKMARK [2][-]{subsection.2.5.3}{Installing\040Ruby\0402.0.0\040and\040Ruby\040on\040Rails\0404.0\040with\040RVM}{section.2.5}% 14
\BOOKMARK [0][-]{chapter.3}{Ruby\040Introduction}{}% 15
\BOOKMARK [1][-]{subsection.3.0.4}{Warning}{chapter.3}% 16
\BOOKMARK [1][-]{section.3.1}{Hello\040World}{chapter.3}% 17
\BOOKMARK [1][-]{section.3.2}{puts\040and\040print}{chapter.3}% 18
\BOOKMARK [1][-]{section.3.3}{Comments}{chapter.3}% 19
\BOOKMARK [1][-]{section.3.4}{Help\040via\040ri}{chapter.3}% 20
\BOOKMARK [1][-]{section.3.5}{irb}{chapter.3}% 21
\BOOKMARK [2][-]{subsection.3.5.1}{Note}{section.3.5}% 22
\BOOKMARK [1][-]{section.3.6}{Comments\040in\040irb}{chapter.3}% 23
\BOOKMARK [1][-]{section.3.7}{Ruby\040is\040Object-Oriented}{chapter.3}% 24
\BOOKMARK [2][-]{subsection.3.7.1}{Note}{section.3.7}% 25
\BOOKMARK [1][-]{section.3.8}{Methods}{chapter.3}% 26
\BOOKMARK [2][-]{subsection.3.8.1}{Note}{section.3.8}% 27
\BOOKMARK [2][-]{subsection.3.8.2}{Important}{section.3.8}% 28
\BOOKMARK [2][-]{subsection.3.8.3}{Tip}{section.3.8}% 29
\BOOKMARK [1][-]{section.3.9}{Classes}{chapter.3}% 30
\BOOKMARK [1][-]{section.3.10}{Private\040Methods}{chapter.3}% 31
\BOOKMARK [1][-]{section.3.11}{Method\040initialize\(\)}{chapter.3}% 32
\BOOKMARK [1][-]{section.3.12}{return}{chapter.3}% 33
\BOOKMARK [1][-]{section.3.13}{Inheritance}{chapter.3}% 34
\BOOKMARK [1][-]{section.3.14}{Tip}{chapter.3}% 35
\BOOKMARK [1][-]{section.3.15}{Class\040Methods\040and\040Instance\040Methods}{chapter.3}% 36
\BOOKMARK [1][-]{section.3.16}{List\040of\040All\040Instance\040Methods}{chapter.3}% 37
\BOOKMARK [1][-]{section.3.17}{Variables}{chapter.3}% 38
\BOOKMARK [1][-]{section.3.18}{Naming\040Conventions}{chapter.3}% 39
\BOOKMARK [2][-]{subsection.3.18.1}{Important}{section.3.18}% 40
\BOOKMARK [1][-]{section.3.19}{Strings}{chapter.3}% 41
\BOOKMARK [1][-]{section.3.20}{Single\040and\040Double\040Quotations\040Marks}{chapter.3}% 42
\BOOKMARK [1][-]{section.3.21}{Note}{chapter.3}% 43
\BOOKMARK [1][-]{section.3.22}{Integers}{chapter.3}% 44
\BOOKMARK [1][-]{section.3.23}{Fixnum\040and\040Bignum}{chapter.3}% 45
\BOOKMARK [1][-]{section.3.24}{Floats}{chapter.3}% 46
\BOOKMARK [1][-]{section.3.25}{Simple\040Calculations}{chapter.3}% 47
\BOOKMARK [1][-]{section.3.26}{Boolean\040Values\040and\040nil}{chapter.3}% 48
\BOOKMARK [1][-]{section.3.27}{Scope\040of\040Variables}{chapter.3}% 49
\BOOKMARK [2][-]{subsection.3.27.1}{Important}{section.3.27}% 50
\BOOKMARK [1][-]{section.3.28}{Local\040Variables\040\(aaa\040or\040_aaa\)}{chapter.3}% 51
\BOOKMARK [1][-]{section.3.29}{Global\040Variables\040\($aaa\)}{chapter.3}% 52
\BOOKMARK [1][-]{section.3.30}{Instance\040Variables\040\(@aaa\)}{chapter.3}% 53
\BOOKMARK [1][-]{section.3.31}{Methods\040Once\040Again}{chapter.3}% 54
\BOOKMARK [1][-]{section.3.32}{Getters\040and\040Setters}{chapter.3}% 55
\BOOKMARK [1][-]{section.3.33}{Note}{chapter.3}% 56
\BOOKMARK [1][-]{section.3.34}{Built-In\040Methods\040for\040String}{chapter.3}% 57
\BOOKMARK [1][-]{section.3.35}{Method\040Chaining}{chapter.3}% 58
\BOOKMARK [1][-]{section.3.36}{Converting\040from\040One\040to\040the\040Other:\040Casting}{chapter.3}% 59
\BOOKMARK [2][-]{subsection.3.36.1}{Note}{section.3.36}% 60
\BOOKMARK [1][-]{section.3.37}{Method\040to_s\040for\040Your\040Own\040Classes}{chapter.3}% 61
\BOOKMARK [1][-]{section.3.38}{Is “+” a Method?}{chapter.3}% 62
\BOOKMARK [1][-]{section.3.39}{Can\040I\040Overwrite\040the\040Method\040+?}{chapter.3}% 63
\BOOKMARK [1][-]{section.3.40}{if-Condition}{chapter.3}% 64
\BOOKMARK [2][-]{subsection.3.40.1}{Note}{section.3.40}% 65
\BOOKMARK [2][-]{subsection.3.40.2}{Note}{section.3.40}% 66
\BOOKMARK [1][-]{section.3.41}{Shorthand}{chapter.3}% 67
\BOOKMARK [1][-]{section.3.42}{else}{chapter.3}% 68
\BOOKMARK [1][-]{section.3.43}{elsif}{chapter.3}% 69
\BOOKMARK [1][-]{section.3.44}{Loops}{chapter.3}% 70
\BOOKMARK [1][-]{section.3.45}{while\040and\040until}{chapter.3}% 71
\BOOKMARK [2][-]{subsection.3.45.1}{Note}{section.3.45}% 72
\BOOKMARK [1][-]{section.3.46}{Blocks\040and\040Iterators}{chapter.3}% 73
\BOOKMARK [1][-]{section.3.47}{Iterators}{chapter.3}% 74
\BOOKMARK [1][-]{section.3.48}{Blocks}{chapter.3}% 75
\BOOKMARK [1][-]{section.3.49}{Method\040upto}{chapter.3}% 76
\BOOKMARK [1][-]{section.3.50}{Arrays\040and\040Hashes}{chapter.3}% 77
\BOOKMARK [1][-]{section.3.51}{Arrays}{chapter.3}% 78
\BOOKMARK [1][-]{section.3.52}{Iterator\040each}{chapter.3}% 79
\BOOKMARK [1][-]{section.3.53}{Hashes}{chapter.3}% 80
\BOOKMARK [1][-]{section.3.54}{Symbols}{chapter.3}% 81
\BOOKMARK [1][-]{section.3.55}{Iterator\040each}{chapter.3}% 82
\BOOKMARK [1][-]{section.3.56}{Miscellaneous}{chapter.3}% 83
\BOOKMARK [1][-]{section.3.57}{Range}{chapter.3}% 84
\BOOKMARK [0][-]{chapter.4}{First\040Steps\040with\040Rails}{}% 85
\BOOKMARK [1][-]{section.4.1}{Introduction}{chapter.4}% 86
\BOOKMARK [2][-]{subsection.4.1.1}{Note}{section.4.1}% 87
\BOOKMARK [1][-]{section.4.2}{Environment\040\(Development\)}{chapter.4}% 88
\BOOKMARK [1][-]{section.4.3}{SQLite-3\040Database}{chapter.4}% 89
\BOOKMARK [1][-]{section.4.4}{Why\040Is\040It\040All\040in\040English?}{chapter.4}% 90
\BOOKMARK [1][-]{section.4.5}{Static\040Content\040\(HTML\040and\040Graphics\040Files\)}{chapter.4}% 91
\BOOKMARK [1][-]{section.4.6}{Create\040Rails\040Project}{chapter.4}% 92
\BOOKMARK [2][-]{subsection.4.6.1}{Note}{section.4.6}% 93
\BOOKMARK [2][-]{subsection.4.6.2}{Tip}{section.4.6}% 94
\BOOKMARK [2][-]{subsection.4.6.3}{Important}{section.4.6}% 95
\BOOKMARK [1][-]{section.4.7}{Static\040Pages}{chapter.4}% 96
\BOOKMARK [1][-]{section.4.8}{Note}{chapter.4}% 97
\BOOKMARK [0][-]{chapter.5}{Creating\040HTML\040Dynamically\040with\040erb}{}% 98
\BOOKMARK [1][-]{section.5.1}{Note}{chapter.5}% 99
\BOOKMARK [2][-]{subsection.5.1.1}{Important}{section.5.1}% 100
\BOOKMARK [1][-]{section.5.2}{Programming\040in\040an\040erb\040File}{chapter.5}% 101
\BOOKMARK [1][-]{section.5.3}{Important}{chapter.5}% 102
\BOOKMARK [1][-]{section.5.4}{Syntax}{chapter.5}% 103
\BOOKMARK [2][-]{subsection.5.4.1}{Important}{section.5.4}% 104
\BOOKMARK [0][-]{chapter.6}{Q\040&\040A}{}% 105
\BOOKMARK [0][-]{chapter.7}{Layouts}{}% 106
\BOOKMARK [0][-]{chapter.8}{Passing\040Instance\040Variables\040from\040a\040Controller\040to\040a\040View}{}% 107
\BOOKMARK [1][-]{section.8.1}{Partials}{chapter.8}% 108
\BOOKMARK [2][-]{subsection.8.1.1}{Note}{section.8.1}% 109
\BOOKMARK [2][-]{subsection.8.1.2}{Important}{section.8.1}% 110
\BOOKMARK [1][-]{section.8.2}{Passing\040Variables\040to\040a\040Partial}{chapter.8}% 111
\BOOKMARK [2][-]{subsection.8.2.1}{Note}{section.8.2}% 112
\BOOKMARK [1][-]{section.8.3}{Alternative\040Notation}{chapter.8}% 113
\BOOKMARK [0][-]{chapter.9}{Further\040Documentation\040on\040Partials}{}% 114
\BOOKMARK [1][-]{section.9.1}{Redirects}{chapter.9}% 115
\BOOKMARK [2][-]{subsection.9.1.1}{Note}{section.9.1}% 116
\BOOKMARK [1][-]{section.9.2}{Note}{chapter.9}% 117
\BOOKMARK [1][-]{section.9.3}{redirect_to\040:back}{chapter.9}% 118
\BOOKMARK [1][-]{section.9.4}{Flash\040Messages}{chapter.9}% 119
\BOOKMARK [2][-]{subsection.9.4.1}{Tip}{section.9.4}% 120
\BOOKMARK [1][-]{section.9.5}{Different\040Types\040of\040Flash\040Message}{chapter.9}% 121
\BOOKMARK [0][-]{chapter.10}{Different\040Syntaxes}{}% 122
\BOOKMARK [1][-]{section.10.1}{Why\040Are\040There\040Flash\040Messages\040At\040All?}{chapter.10}% 123
\BOOKMARK [1][-]{section.10.2}{The\040Rails\040Console}{chapter.10}% 124
\BOOKMARK [2][-]{subsection.10.2.1}{Tip}{section.10.2}% 125
\BOOKMARK [1][-]{section.10.3}{app}{chapter.10}% 126
\BOOKMARK [1][-]{section.10.4}{Misc}{chapter.10}% 127
\BOOKMARK [1][-]{section.10.5}{“Model View Controller” Architecture \(MVC\)}{chapter.10}% 128
\BOOKMARK [0][-]{chapter.11}{Model}{}% 129
\BOOKMARK [1][-]{section.11.1}{View}{chapter.11}% 130
\BOOKMARK [1][-]{section.11.2}{Controller}{chapter.11}% 131
\BOOKMARK [1][-]{section.11.3}{What\040is\040a\040Generator?}{chapter.11}% 132
\BOOKMARK [2][-]{subsection.11.3.1}{Tip}{section.11.3}% 133
\BOOKMARK [1][-]{section.11.4}{Helper}{chapter.11}% 134
\BOOKMARK [1][-]{section.11.5}{Rails\040Lingo}{chapter.11}% 135
\BOOKMARK [1][-]{section.11.6}{DRY\040-\040Don't\040repeat\040yourself}{chapter.11}% 136
\BOOKMARK [1][-]{section.11.7}{Refactoring}{chapter.11}% 137
\BOOKMARK [1][-]{section.11.8}{Convention\040Over\040Configuration}{chapter.11}% 138
\BOOKMARK [0][-]{chapter.12}{ActiveRecord}{}% 139
\BOOKMARK [1][-]{section.12.1}{Note}{chapter.12}% 140
\BOOKMARK [1][-]{section.12.2}{Howto\040for\040this\040Chapter}{chapter.12}% 141
\BOOKMARK [2][-]{subsection.12.2.1}{Note}{section.12.2}% 142
\BOOKMARK [1][-]{section.12.3}{Not\040in\040the\040Mood\040for\040SQL?}{chapter.12}% 143
\BOOKMARK [1][-]{section.12.4}{Creating Database/“Model”}{chapter.12}% 144
\BOOKMARK [2][-]{subsection.12.4.1}{Note}{section.12.4}% 145
\BOOKMARK [2][-]{subsection.12.4.2}{Note}{section.12.4}% 146
\BOOKMARK [2][-]{subsection.12.4.3}{The\040Attributes\040id,\040created_at\040and\040updated_at}{section.12.4}% 147
\BOOKMARK [2][-]{subsection.12.4.4}{Getters\040and\040Setters}{section.12.4}% 148
\BOOKMARK [2][-]{subsection.12.4.5}{Possible\040Data\040Types\040in\040ActiveRecord}{section.12.4}% 149
\BOOKMARK [2][-]{subsection.12.4.6}{Tip}{section.12.4}% 150
\BOOKMARK [1][-]{section.12.5}{Naming\040Conventions\040\(Country\040vs.\040country\040vs.\040countries\)}{chapter.12}% 151
\BOOKMARK [2][-]{subsection.12.5.1}{Database\040Configuration}{section.12.5}% 152
\BOOKMARK [2][-]{subsection.12.5.2}{Adding\040Records}{section.12.5}% 153
\BOOKMARK [2][-]{subsection.12.5.3}{create}{section.12.5}% 154
\BOOKMARK [2][-]{subsection.12.5.4}{Syntax}{section.12.5}% 155
\BOOKMARK [2][-]{subsection.12.5.5}{new}{section.12.5}% 156
\BOOKMARK [1][-]{section.12.6}{new_record?}{chapter.12}% 157
\BOOKMARK [2][-]{subsection.12.6.1}{Tip}{section.12.6}% 158
\BOOKMARK [1][-]{section.12.7}{first,\040last\040and\040all}{chapter.12}% 159
\BOOKMARK [1][-]{section.12.8}{Populating\040the\040Database\040with\040seeds.rb}{chapter.12}% 160
\BOOKMARK [2][-]{subsection.12.8.1}{It's\040all\040just\040Ruby\040code}{section.12.8}% 161
\BOOKMARK [2][-]{subsection.12.8.2}{Generating\040seeds.rb\040From\040Existing\040Data}{section.12.8}% 162
\BOOKMARK [2][-]{subsection.12.8.3}{Searching\040and\040Finding\040with\040Queries}{section.12.8}% 163
\BOOKMARK [2][-]{subsection.12.8.4}{find}{section.12.8}% 164
\BOOKMARK [2][-]{subsection.12.8.5}{Warning}{section.12.8}% 165
\BOOKMARK [1][-]{section.12.9}{where}{chapter.12}% 166
\BOOKMARK [2][-]{subsection.12.9.1}{SQL\040Queries\040with\040where}{section.12.9}% 167
\BOOKMARK [2][-]{subsection.12.9.2}{Sanitized\040Queries}{section.12.9}% 168
\BOOKMARK [2][-]{subsection.12.9.3}{“Dangerous” SQL Queries}{section.12.9}% 169
\BOOKMARK [2][-]{subsection.12.9.4}{Lazy\040Loading}{section.12.9}% 170
\BOOKMARK [2][-]{subsection.12.9.5}{Automatic\040Optimization}{section.12.9}% 171
\BOOKMARK [3][-]{section*.2}{Note}{subsection.12.9.5}% 172
\BOOKMARK [1][-]{section.12.10}{order\040and\040reverse_order}{chapter.12}% 173
\BOOKMARK [1][-]{section.12.11}{limit}{chapter.12}% 174
\BOOKMARK [1][-]{section.12.12}{offset}{chapter.12}% 175
\BOOKMARK [1][-]{section.12.13}{group}{chapter.12}% 176
\BOOKMARK [2][-]{subsection.12.13.1}{pluck}{section.12.13}% 177
\BOOKMARK [2][-]{subsection.12.13.2}{first_or_create\040and\040first_or_initialize}{section.12.13}% 178
\BOOKMARK [2][-]{subsection.12.13.3}{Calculations}{section.12.13}% 179
\BOOKMARK [2][-]{subsection.12.13.4}{average}{section.12.13}% 180
\BOOKMARK [2][-]{subsection.12.13.5}{count}{section.12.13}% 181
\BOOKMARK [2][-]{subsection.12.13.6}{maximum}{section.12.13}% 182
\BOOKMARK [2][-]{subsection.12.13.7}{minimum}{section.12.13}% 183
\BOOKMARK [2][-]{subsection.12.13.8}{sum}{section.12.13}% 184
\BOOKMARK [1][-]{section.12.14}{SQL\040EXPLAIN}{chapter.12}% 185
\BOOKMARK [2][-]{subsection.12.14.1}{Batches}{section.12.14}% 186
\BOOKMARK [2][-]{subsection.12.14.2}{Editing\040a\040Record}{section.12.14}% 187
\BOOKMARK [1][-]{section.12.15}{Simple\040Editing}{chapter.12}% 188
\BOOKMARK [1][-]{section.12.16}{changed?}{chapter.12}% 189
\BOOKMARK [1][-]{section.12.17}{update_attributes}{chapter.12}% 190
\BOOKMARK [1][-]{section.12.18}{Locking}{chapter.12}% 191
\BOOKMARK [2][-]{subsection.12.18.1}{has_many – 1:n Association}{section.12.18}% 192
\BOOKMARK [3][-]{section*.3}{Note}{subsection.12.18.1}% 193
\BOOKMARK [2][-]{subsection.12.18.2}{Creating\040Records}{section.12.18}% 194
\BOOKMARK [2][-]{subsection.12.18.3}{Manually}{section.12.18}% 195
\BOOKMARK [1][-]{section.12.19}{create}{chapter.12}% 196
\BOOKMARK [1][-]{section.12.20}{build}{chapter.12}% 197
\BOOKMARK [2][-]{subsection.12.20.1}{Warning}{section.12.20}% 198
\BOOKMARK [1][-]{section.12.21}{Accessing\040Records}{chapter.12}% 199
\BOOKMARK [2][-]{section*.4}{Note}{section.12.21}% 200
\BOOKMARK [2][-]{subsection.12.21.1}{Searching\040For\040Records}{section.12.21}% 201
\BOOKMARK [1][-]{section.12.22}{joins}{chapter.12}% 202
\BOOKMARK [1][-]{section.12.23}{includes}{chapter.12}% 203
\BOOKMARK [2][-]{subsection.12.23.1}{join\040vs.\040includes}{section.12.23}% 204
\BOOKMARK [2][-]{subsection.12.23.2}{delete\040and\040destroy}{section.12.23}% 205
\BOOKMARK [2][-]{subsection.12.23.3}{Options}{section.12.23}% 206
\BOOKMARK [2][-]{subsection.12.23.4}{belongs_to}{section.12.23}% 207
\BOOKMARK [2][-]{subsection.12.23.5}{touch:\040true}{section.12.23}% 208
\BOOKMARK [2][-]{subsection.12.23.6}{has_many}{section.12.23}% 209
\BOOKMARK [1][-]{section.12.24}{order:\040:last_name}{chapter.12}% 210
\BOOKMARK [1][-]{section.12.25}{dependent:\040:destroy}{chapter.12}% 211
\BOOKMARK [2][-]{subsection.12.25.1}{Important}{section.12.25}% 212
\BOOKMARK [1][-]{section.12.26}{has_many\040..,\040through:\040..}{chapter.12}% 213
\BOOKMARK [2][-]{subsection.12.26.1}{Many-to-Many – n:n Association}{section.12.26}% 214
\BOOKMARK [2][-]{subsection.12.26.2}{Preparation}{section.12.26}% 215
\BOOKMARK [2][-]{subsection.12.26.3}{The\040Association}{section.12.26}% 216
\BOOKMARK [2][-]{subsection.12.26.4}{The\040Association\040Works\040Transparent}{section.12.26}% 217
\BOOKMARK [2][-]{subsection.12.26.5}{Warning}{section.12.26}% 218
\BOOKMARK [1][-]{section.12.27}{has_one – 1:1 Association}{chapter.12}% 219
\BOOKMARK [2][-]{subsection.12.27.1}{Tip}{section.12.27}% 220
\BOOKMARK [2][-]{subsection.12.27.2}{Preparation}{section.12.27}% 221
\BOOKMARK [2][-]{subsection.12.27.3}{Association}{section.12.27}% 222
\BOOKMARK [1][-]{section.12.28}{Options}{chapter.12}% 223
\BOOKMARK [1][-]{section.12.29}{Console\040Examples}{chapter.12}% 224
\BOOKMARK [2][-]{subsection.12.29.1}{Warning}{section.12.29}% 225
\BOOKMARK [2][-]{subsection.12.29.2}{has_one\040vs.\040belongs_to}{section.12.29}% 226
\BOOKMARK [2][-]{subsection.12.29.3}{Polymorphic\040Associations}{section.12.29}% 227
\BOOKMARK [2][-]{subsection.12.29.4}{Tip}{section.12.29}% 228
\BOOKMARK [1][-]{section.12.30}{Options}{chapter.12}% 229
\BOOKMARK [2][-]{subsection.12.30.1}{Delete/Destroy\040a\040Record}{section.12.30}% 230
\BOOKMARK [2][-]{subsection.12.30.2}{destroy}{section.12.30}% 231
\BOOKMARK [1][-]{section.12.31}{delete}{chapter.12}% 232
\BOOKMARK [2][-]{subsection.12.31.1}{Transactions}{section.12.31}% 233
\BOOKMARK [3][-]{section*.5}{Important}{subsection.12.31.1}% 234
\BOOKMARK [4][-]{section*.6}{Warning}{section*.5}% 235
\BOOKMARK [2][-]{subsection.12.31.2}{Scopes}{section.12.31}% 236
\BOOKMARK [2][-]{subsection.12.31.3}{Preparation}{section.12.31}% 237
\BOOKMARK [2][-]{subsection.12.31.4}{Defining\040a\040Scope}{section.12.31}% 238
\BOOKMARK [2][-]{subsection.12.31.5}{Passing\040in\040Arguments}{section.12.31}% 239
\BOOKMARK [2][-]{subsection.12.31.6}{Creating\040New\040Records\040with\040Scopes}{section.12.31}% 240
\BOOKMARK [2][-]{subsection.12.31.7}{Validation}{section.12.31}% 241
\BOOKMARK [2][-]{subsection.12.31.8}{Preparation}{section.12.31}% 242
\BOOKMARK [1][-]{section.12.32}{The\040Basic\040Idea}{chapter.12}% 243
\BOOKMARK [1][-]{section.12.33}{valid?}{chapter.12}% 244
\BOOKMARK [1][-]{section.12.34}{save\(\040validate:\040false\040\)}{chapter.12}% 245
\BOOKMARK [2][-]{section*.7}{Warning}{section.12.34}% 246
\BOOKMARK [2][-]{subsection.12.34.1}{presence}{section.12.34}% 247
\BOOKMARK [1][-]{section.12.35}{length}{chapter.12}% 248
\BOOKMARK [2][-]{subsection.12.35.1}{Options}{section.12.35}% 249
\BOOKMARK [2][-]{subsection.12.35.2}{minimum}{section.12.35}% 250
\BOOKMARK [2][-]{subsection.12.35.3}{too_short}{section.12.35}% 251
\BOOKMARK [3][-]{section*.8}{Note}{subsection.12.35.3}% 252
\BOOKMARK [2][-]{subsection.12.35.4}{maximum}{section.12.35}% 253
\BOOKMARK [2][-]{subsection.12.35.5}{too_long}{section.12.35}% 254
\BOOKMARK [2][-]{subsection.12.35.6}{Note}{section.12.35}% 255
\BOOKMARK [2][-]{subsection.12.35.7}{is}{section.12.35}% 256
\BOOKMARK [2][-]{subsection.12.35.8}{:in\040or\040:within}{section.12.35}% 257
\BOOKMARK [2][-]{subsection.12.35.9}{tokenizer}{section.12.35}% 258
\BOOKMARK [2][-]{subsection.12.35.10}{numericality}{section.12.35}% 259
\BOOKMARK [3][-]{section*.9}{Tip}{subsection.12.35.10}% 260
\BOOKMARK [2][-]{subsection.12.35.11}{Options}{section.12.35}% 261
\BOOKMARK [2][-]{subsection.12.35.12}{only_integer}{section.12.35}% 262
\BOOKMARK [2][-]{subsection.12.35.13}{greater_than}{section.12.35}% 263
\BOOKMARK [2][-]{subsection.12.35.14}{greater_than_or_equal_to}{section.12.35}% 264
\BOOKMARK [2][-]{subsection.12.35.15}{equal_to}{section.12.35}% 265
\BOOKMARK [2][-]{subsection.12.35.16}{less_than}{section.12.35}% 266
\BOOKMARK [2][-]{subsection.12.35.17}{less_than_or_equal_to}{section.12.35}% 267
\BOOKMARK [2][-]{subsection.12.35.18}{odd}{section.12.35}% 268
\BOOKMARK [2][-]{subsection.12.35.19}{even}{section.12.35}% 269
\BOOKMARK [1][-]{section.12.36}{uniqueness}{chapter.12}% 270
\BOOKMARK [2][-]{section*.10}{Warning}{section.12.36}% 271
\BOOKMARK [2][-]{subsection.12.36.1}{Options}{section.12.36}% 272
\BOOKMARK [2][-]{subsection.12.36.2}{scope}{section.12.36}% 273
\BOOKMARK [2][-]{subsection.12.36.3}{case_sensitive}{section.12.36}% 274
\BOOKMARK [1][-]{section.12.37}{inclusion}{chapter.12}% 275
\BOOKMARK [2][-]{section*.11}{Tip}{section.12.37}% 276
\BOOKMARK [2][-]{subsection.12.37.1}{Options}{section.12.37}% 277
\BOOKMARK [2][-]{subsection.12.37.2}{message}{section.12.37}% 278
\BOOKMARK [3][-]{section*.12}{Note}{subsection.12.37.2}% 279
\BOOKMARK [1][-]{section.12.38}{exclusion}{chapter.12}% 280
\BOOKMARK [2][-]{section*.13}{Tip}{section.12.38}% 281
\BOOKMARK [2][-]{subsection.12.38.1}{Options}{section.12.38}% 282
\BOOKMARK [2][-]{subsection.12.38.2}{message}{section.12.38}% 283
\BOOKMARK [3][-]{section*.14}{Note}{subsection.12.38.2}% 284
\BOOKMARK [2][-]{subsection.12.38.3}{format}{section.12.38}% 285
\BOOKMARK [3][-]{section*.15}{Warning}{subsection.12.38.3}% 286
\BOOKMARK [2][-]{subsection.12.38.4}{Options}{section.12.38}% 287
\BOOKMARK [2][-]{subsection.12.38.5}{Note}{section.12.38}% 288
\BOOKMARK [2][-]{subsection.12.38.6}{General\040Validation\040Options}{section.12.38}% 289
\BOOKMARK [2][-]{subsection.12.38.7}{allow_nil}{section.12.38}% 290
\BOOKMARK [2][-]{subsection.12.38.8}{allow_blank}{section.12.38}% 291
\BOOKMARK [2][-]{subsection.12.38.9}{on}{section.12.38}% 292
\BOOKMARK [2][-]{subsection.12.38.10}{if\040and\040unless}{section.12.38}% 293
\BOOKMARK [2][-]{subsection.12.38.11}{proc}{section.12.38}% 294
\BOOKMARK [2][-]{subsection.12.38.12}{Writing\040Custom\040Validations}{section.12.38}% 295
\BOOKMARK [2][-]{subsection.12.38.13}{Defining\040Validations\040with\040Your\040Own\040Methods}{section.12.38}% 296
\BOOKMARK [2][-]{subsection.12.38.14}{Further\040Documentation}{section.12.38}% 297
\BOOKMARK [2][-]{subsection.12.38.15}{Migrations}{section.12.38}% 298
\BOOKMARK [3][-]{section*.16}{Warning}{subsection.12.38.15}% 299
\BOOKMARK [4][-]{section*.17}{Important}{section*.16}% 300
\BOOKMARK [2][-]{subsection.12.38.16}{Which\040Database\040is\040Used?}{section.12.38}% 301
\BOOKMARK [2][-]{subsection.12.38.17}{Creating\040Index}{section.12.38}% 302
\BOOKMARK [3][-]{section*.18}{Tip}{subsection.12.38.17}% 303
\BOOKMARK [2][-]{subsection.12.38.18}{Miscellaneous}{section.12.38}% 304
\BOOKMARK [2][-]{subsection.12.38.19}{Automatically\040Added\040Fields\040\(id,\040created_at\040and\040updated_at\)}{section.12.38}% 305
\BOOKMARK [2][-]{subsection.12.38.20}{Further\040Documentation}{section.12.38}% 306
\BOOKMARK [2][-]{subsection.12.38.21}{Miscellaneous}{section.12.38}% 307
\BOOKMARK [1][-]{section.12.39}{Callbacks}{chapter.12}% 308
\BOOKMARK [1][-]{section.12.40}{Default\040Values}{chapter.12}% 309
\BOOKMARK [0][-]{chapter.13}{Scaffolding\040and\040REST}{}% 310
\BOOKMARK [1][-]{section.13.1}{Introduction}{chapter.13}% 311
\BOOKMARK [2][-]{subsection.13.1.1}{Note}{section.13.1}% 312
\BOOKMARK [1][-]{section.13.2}{Generating\040a\040Scaffold}{chapter.13}% 313
\BOOKMARK [1][-]{section.13.3}{Creating\040the\040Database\040with\040Sample\040Data}{chapter.13}% 314
\BOOKMARK [1][-]{section.13.4}{The\040Routes}{chapter.13}% 315
\BOOKMARK [1][-]{section.13.5}{The\040Controller}{chapter.13}% 316
\BOOKMARK [1][-]{section.13.6}{set_product}{chapter.13}% 317
\BOOKMARK [1][-]{section.13.7}{index}{chapter.13}% 318
\BOOKMARK [1][-]{section.13.8}{show}{chapter.13}% 319
\BOOKMARK [1][-]{section.13.9}{new}{chapter.13}% 320
\BOOKMARK [1][-]{section.13.10}{edit}{chapter.13}% 321
\BOOKMARK [1][-]{section.13.11}{create}{chapter.13}% 322
\BOOKMARK [1][-]{section.13.12}{update}{chapter.13}% 323
\BOOKMARK [1][-]{section.13.13}{destroy}{chapter.13}% 324
\BOOKMARK [1][-]{section.13.14}{JSON}{chapter.13}% 325
\BOOKMARK [0][-]{chapter.14}{The\040Views}{}% 326
\BOOKMARK [1][-]{section.14.1}{Note}{chapter.14}% 327
\BOOKMARK [0][-]{chapter.15}{Where\040Are\040the\040Views?}{}% 328
\BOOKMARK [0][-]{chapter.16}{link_to}{}% 329
\BOOKMARK [1][-]{section.16.1}{form_for}{chapter.16}% 330
\BOOKMARK [2][-]{subsection.16.1.1}{Note}{section.16.1}% 331
\BOOKMARK [1][-]{section.16.2}{Access\040via\040JSON}{chapter.16}% 332
\BOOKMARK [1][-]{section.16.3}{JSON\040as\040Default}{chapter.16}% 333
\BOOKMARK [1][-]{section.16.4}{JSON\040and\040XML\040Together}{chapter.16}% 334
\BOOKMARK [1][-]{section.16.5}{When\040Should\040You\040Use\040Scaffolding?}{chapter.16}% 335
\BOOKMARK [1][-]{section.16.6}{Example\040for\040a\040Minimal\040Project}{chapter.16}% 336
\BOOKMARK [2][-]{subsection.16.6.1}{Note}{section.16.6}% 337
\BOOKMARK [1][-]{section.16.7}{Conclusion}{chapter.16}% 338
\BOOKMARK [0][-]{chapter.17}{Routes}{}% 339
\BOOKMARK [1][-]{section.17.1}{Introduction}{chapter.17}% 340
\BOOKMARK [2][-]{subsection.17.1.1}{Tip}{section.17.1}% 341
\BOOKMARK [2][-]{subsection.17.1.2}{HTTP\040GET\040Requests\040for\040Singular\040Resources}{section.17.1}% 342
\BOOKMARK [1][-]{section.17.2}{Naming\040a\040Route}{chapter.17}% 343
\BOOKMARK [1][-]{section.17.3}{as}{chapter.17}% 344
\BOOKMARK [1][-]{section.17.4}{to}{chapter.17}% 345
\BOOKMARK [1][-]{section.17.5}{Parameters}{chapter.17}% 346
\BOOKMARK [1][-]{section.17.6}{Constraints}{chapter.17}% 347
\BOOKMARK [2][-]{section*.19}{Warning}{section.17.6}% 348
\BOOKMARK [2][-]{subsection.17.6.1}{Redirects}{section.17.6}% 349
\BOOKMARK [3][-]{section*.20}{Note}{subsection.17.6.1}% 350
\BOOKMARK [2][-]{subsection.17.6.2}{root\040:to\040=>\040`welcome#index'}{section.17.6}% 351
\BOOKMARK [2][-]{subsection.17.6.3}{resources}{section.17.6}% 352
\BOOKMARK [3][-]{section*.21}{Note}{subsection.17.6.3}% 353
\BOOKMARK [1][-]{section.17.7}{Selecting\040Specific\040Routes\040with\040only:\040or\040except:}{chapter.17}% 354
\BOOKMARK [2][-]{section*.22}{Warning}{section.17.7}% 355
\BOOKMARK [2][-]{subsection.17.7.1}{Nested\040Resources}{section.17.7}% 356
\BOOKMARK [1][-]{section.17.8}{Shallow\040Nesting}{chapter.17}% 357
\BOOKMARK [2][-]{subsection.17.8.1}{Comments\040on\040Nested\040Resources}{section.17.8}% 358
\BOOKMARK [2][-]{subsection.17.8.2}{Further\040Information\040on\040Routes}{section.17.8}% 359
\BOOKMARK [0][-]{chapter.18}{Tests}{}% 360
\BOOKMARK [1][-]{section.18.1}{Introduction}{chapter.18}% 361
\BOOKMARK [2][-]{section*.23}{Note}{section.18.1}% 362
\BOOKMARK [2][-]{subsection.18.1.1}{Example\040for\040a\040User\040in\040a\040Web\040Shop}{section.18.1}% 363
\BOOKMARK [3][-]{section*.24}{Important}{subsection.18.1.1}% 364
\BOOKMARK [2][-]{subsection.18.1.2}{Functional\040Tests}{section.18.1}% 365
\BOOKMARK [3][-]{section*.25}{Note}{subsection.18.1.2}% 366
\BOOKMARK [4][-]{section*.26}{Note}{section*.25}% 367
\BOOKMARK [4][-]{section*.27}{Tip}{section*.25}% 368
\BOOKMARK [2][-]{subsection.18.1.3}{Unit\040Tests}{section.18.1}% 369
\BOOKMARK [3][-]{section*.28}{Tip}{subsection.18.1.3}% 370
\BOOKMARK [4][-]{section*.29}{Note}{section*.28}% 371
\BOOKMARK [2][-]{subsection.18.1.4}{Fixtures}{section.18.1}% 372
\BOOKMARK [3][-]{section*.30}{Note}{subsection.18.1.4}% 373
\BOOKMARK [1][-]{section.18.2}{Static\040Fixtures}{chapter.18}% 374
\BOOKMARK [1][-]{section.18.3}{Fixtures\040with\040ERB}{chapter.18}% 375
\BOOKMARK [1][-]{section.18.4}{Integration\040Tests}{chapter.18}% 376
\BOOKMARK [2][-]{subsection.18.4.1}{rake\040stats}{section.18.4}% 377
\BOOKMARK [1][-]{section.18.5}{More\040on\040Testing}{chapter.18}% 378
